<?xml version="1.0" encoding="UTF-8"?>
<!-- Generated by org.testng.reporters.JUnitXMLReporter -->
<testsuite ignored="0" hostname="QAPTJM03" failures="3" tests="4" name="ChromeBrowserTest" time="50.287" errors="0" timestamp="2023-07-11T12:09:00 IST">
  <testcase classname="io.cucumber.testng.AbstractTestNGCucumberTests" name="runScenario" time="15.747"/>
  <testcase classname="io.cucumber.testng.AbstractTestNGCucumberTests" name="runScenario" time="42.208">
    <failure type="org.openqa.selenium.NoSuchElementException" message="no such element: Unable to locate element: {&amp;quot;method&amp;quot;:&amp;quot;xpath&amp;quot;,&amp;quot;selector&amp;quot;:&amp;quot;(//table[@id=&amp;apos;photo_list&amp;apos;]//tbody//tr[1]//td[3]//span//form//textarea)[2]&amp;quot;}
  (Session info: MicrosoftEdge=114.0.1823.67)
For documentation on this error, please visit: https://www.selenium.dev/documentation/webdriver/troubleshooting/errors#no-such-element-exception
Build info: version: &amp;apos;4.10.0&amp;apos;, revision: &amp;apos;c14d967899&amp;apos;
System info: os.name: &amp;apos;Windows Server 2019&amp;apos;, os.arch: &amp;apos;amd64&amp;apos;, os.version: &amp;apos;10.0&amp;apos;, java.version: &amp;apos;17.0.7&amp;apos;
Driver info: org.openqa.selenium.edge.EdgeDriver
Command: [5dd8a99625410f74015f80b1543e0dca, findElement {using=xpath, value=(//table[@id=&amp;apos;photo_list&amp;apos;]//tbody//tr[1]//td[3]//span//form//textarea)[2]}]
Capabilities {acceptInsecureCerts: false, browserName: msedge, browserVersion: 114.0.1823.67, ms:edgeOptions: {debuggerAddress: localhost:53843}, msedge: {msedgedriverVersion: 114.0.1823.58 (913ab82f672f..., userDataDir: C:\Users\10141H1R\AppData\L...}, networkConnectionEnabled: false, pageLoadStrategy: normal, platformName: windows, proxy: Proxy(), se:cdp: ws://localhost:53843/devtoo..., se:cdpVersion: 114.0.1823.67, setWindowRect: true, strictFileInteractability: false, timeouts: {implicit: 0, pageLoad: 300000, script: 30000}, unhandledPromptBehavior: dismiss and notify, webauthn:extension:credBlob: true, webauthn:extension:largeBlob: true, webauthn:extension:minPinLength: true, webauthn:extension:prf: true, webauthn:virtualAuthenticators: true}
Session ID: 5dd8a99625410f74015f80b1543e0dca">
      <![CDATA[org.openqa.selenium.NoSuchElementException: no such element: Unable to locate element: {"method":"xpath","selector":"(//table[@id='photo_list']//tbody//tr[1]//td[3]//span//form//textarea)[2]"}
  (Session info: MicrosoftEdge=114.0.1823.67)
For documentation on this error, please visit: https://www.selenium.dev/documentation/webdriver/troubleshooting/errors#no-such-element-exception
Build info: version: '4.10.0', revision: 'c14d967899'
System info: os.name: 'Windows Server 2019', os.arch: 'amd64', os.version: '10.0', java.version: '17.0.7'
Driver info: org.openqa.selenium.edge.EdgeDriver
Command: [5dd8a99625410f74015f80b1543e0dca, findElement {using=xpath, value=(//table[@id='photo_list']//tbody//tr[1]//td[3]//span//form//textarea)[2]}]
Capabilities {acceptInsecureCerts: false, browserName: msedge, browserVersion: 114.0.1823.67, ms:edgeOptions: {debuggerAddress: localhost:53843}, msedge: {msedgedriverVersion: 114.0.1823.58 (913ab82f672f..., userDataDir: C:\Users\10141H1R\AppData\L...}, networkConnectionEnabled: false, pageLoadStrategy: normal, platformName: windows, proxy: Proxy(), se:cdp: ws://localhost:53843/devtoo..., se:cdpVersion: 114.0.1823.67, setWindowRect: true, strictFileInteractability: false, timeouts: {implicit: 0, pageLoad: 300000, script: 30000}, unhandledPromptBehavior: dismiss and notify, webauthn:extension:credBlob: true, webauthn:extension:largeBlob: true, webauthn:extension:minPinLength: true, webauthn:extension:prf: true, webauthn:virtualAuthenticators: true}
Session ID: 5dd8a99625410f74015f80b1543e0dca
at org.openqa.selenium.remote.codec.w3c.W3CHttpResponseCodec.createException(W3CHttpResponseCodec.java:199)
at org.openqa.selenium.remote.codec.w3c.W3CHttpResponseCodec.decode(W3CHttpResponseCodec.java:132)
at org.openqa.selenium.remote.codec.w3c.W3CHttpResponseCodec.decode(W3CHttpResponseCodec.java:51)
at org.openqa.selenium.remote.HttpCommandExecutor.execute(HttpCommandExecutor.java:191)
at org.openqa.selenium.remote.service.DriverCommandExecutor.invokeExecute(DriverCommandExecutor.java:196)
at org.openqa.selenium.remote.service.DriverCommandExecutor.execute(DriverCommandExecutor.java:171)
at org.openqa.selenium.remote.RemoteWebDriver.execute(RemoteWebDriver.java:531)
at org.openqa.selenium.remote.ElementLocation$ElementFinder$2.findElement(ElementLocation.java:165)
at org.openqa.selenium.remote.ElementLocation.findElement(ElementLocation.java:59)
at org.openqa.selenium.remote.RemoteWebDriver.findElement(RemoteWebDriver.java:350)
at org.openqa.selenium.remote.RemoteWebDriver.findElement(RemoteWebDriver.java:344)
at PageObjects.StatusReportPage.RejectPost(StatusReportPage.java:143)
at StepDefinitions.StatusReport_Step.adminEntersStatusAndSubmit(StatusReport_Step.java:156)
at ✽.Admin enters the Status as "Rejected" and selects the submit button(file:///C:/Users/10141H1R/HPCL-POC/HPCL_Poc_Demo/./src/main/java/HP_Radar_featureFiles/feature/B_AdminHomePage.feature:34)
... Removed 5 stack frames]]>
    </failure>
  </testcase> <!-- runScenario -->
  <testcase classname="io.cucumber.testng.AbstractTestNGCucumberTests" name="runScenario" time="44.033">
    <failure type="org.openqa.selenium.NoSuchElementException" message="no such element: Unable to locate element: {&amp;quot;method&amp;quot;:&amp;quot;xpath&amp;quot;,&amp;quot;selector&amp;quot;:&amp;quot;//table[@id=&amp;apos;photo_list&amp;apos;]//tbody//tr[1]//td[3]//span//span//form//textarea&amp;quot;}
  (Session info: MicrosoftEdge=114.0.1823.67)
For documentation on this error, please visit: https://www.selenium.dev/documentation/webdriver/troubleshooting/errors#no-such-element-exception
Build info: version: &amp;apos;4.10.0&amp;apos;, revision: &amp;apos;c14d967899&amp;apos;
System info: os.name: &amp;apos;Windows Server 2019&amp;apos;, os.arch: &amp;apos;amd64&amp;apos;, os.version: &amp;apos;10.0&amp;apos;, java.version: &amp;apos;17.0.7&amp;apos;
Driver info: org.openqa.selenium.edge.EdgeDriver
Command: [2a6d21fc9003872c336a6fff02c2c87a, findElement {using=xpath, value=//table[@id=&amp;apos;photo_list&amp;apos;]//tbody//tr[1]//td[3]//span//span//form//textarea}]
Capabilities {acceptInsecureCerts: false, browserName: msedge, browserVersion: 114.0.1823.67, ms:edgeOptions: {debuggerAddress: localhost:53845}, msedge: {msedgedriverVersion: 114.0.1823.58 (913ab82f672f..., userDataDir: C:\Users\10141H1R\AppData\L...}, networkConnectionEnabled: false, pageLoadStrategy: normal, platformName: windows, proxy: Proxy(), se:cdp: ws://localhost:53845/devtoo..., se:cdpVersion: 114.0.1823.67, setWindowRect: true, strictFileInteractability: false, timeouts: {implicit: 0, pageLoad: 300000, script: 30000}, unhandledPromptBehavior: dismiss and notify, webauthn:extension:credBlob: true, webauthn:extension:largeBlob: true, webauthn:extension:minPinLength: true, webauthn:extension:prf: true, webauthn:virtualAuthenticators: true}
Session ID: 2a6d21fc9003872c336a6fff02c2c87a">
      <![CDATA[org.openqa.selenium.NoSuchElementException: no such element: Unable to locate element: {"method":"xpath","selector":"//table[@id='photo_list']//tbody//tr[1]//td[3]//span//span//form//textarea"}
  (Session info: MicrosoftEdge=114.0.1823.67)
For documentation on this error, please visit: https://www.selenium.dev/documentation/webdriver/troubleshooting/errors#no-such-element-exception
Build info: version: '4.10.0', revision: 'c14d967899'
System info: os.name: 'Windows Server 2019', os.arch: 'amd64', os.version: '10.0', java.version: '17.0.7'
Driver info: org.openqa.selenium.edge.EdgeDriver
Command: [2a6d21fc9003872c336a6fff02c2c87a, findElement {using=xpath, value=//table[@id='photo_list']//tbody//tr[1]//td[3]//span//span//form//textarea}]
Capabilities {acceptInsecureCerts: false, browserName: msedge, browserVersion: 114.0.1823.67, ms:edgeOptions: {debuggerAddress: localhost:53845}, msedge: {msedgedriverVersion: 114.0.1823.58 (913ab82f672f..., userDataDir: C:\Users\10141H1R\AppData\L...}, networkConnectionEnabled: false, pageLoadStrategy: normal, platformName: windows, proxy: Proxy(), se:cdp: ws://localhost:53845/devtoo..., se:cdpVersion: 114.0.1823.67, setWindowRect: true, strictFileInteractability: false, timeouts: {implicit: 0, pageLoad: 300000, script: 30000}, unhandledPromptBehavior: dismiss and notify, webauthn:extension:credBlob: true, webauthn:extension:largeBlob: true, webauthn:extension:minPinLength: true, webauthn:extension:prf: true, webauthn:virtualAuthenticators: true}
Session ID: 2a6d21fc9003872c336a6fff02c2c87a
at org.openqa.selenium.remote.codec.w3c.W3CHttpResponseCodec.createException(W3CHttpResponseCodec.java:199)
at org.openqa.selenium.remote.codec.w3c.W3CHttpResponseCodec.decode(W3CHttpResponseCodec.java:132)
at org.openqa.selenium.remote.codec.w3c.W3CHttpResponseCodec.decode(W3CHttpResponseCodec.java:51)
at org.openqa.selenium.remote.HttpCommandExecutor.execute(HttpCommandExecutor.java:191)
at org.openqa.selenium.remote.service.DriverCommandExecutor.invokeExecute(DriverCommandExecutor.java:196)
at org.openqa.selenium.remote.service.DriverCommandExecutor.execute(DriverCommandExecutor.java:171)
at org.openqa.selenium.remote.RemoteWebDriver.execute(RemoteWebDriver.java:531)
at org.openqa.selenium.remote.ElementLocation$ElementFinder$2.findElement(ElementLocation.java:165)
at org.openqa.selenium.remote.ElementLocation.findElement(ElementLocation.java:59)
at org.openqa.selenium.remote.RemoteWebDriver.findElement(RemoteWebDriver.java:350)
at org.openqa.selenium.remote.RemoteWebDriver.findElement(RemoteWebDriver.java:344)
at PageObjects.StatusReportPage.Unpublish(StatusReportPage.java:114)
at StepDefinitions.StatusReport_Step.AdminUnpublish_theReport(StatusReport_Step.java:102)
at ✽.Admin enters the status as "Unpublish" and Selects the submit button(file:///C:/Users/10141H1R/HPCL-POC/HPCL_Poc_Demo/./src/main/java/HP_Radar_featureFiles/feature/B_AdminHomePage.feature:27)
... Removed 5 stack frames]]>
    </failure>
  </testcase> <!-- runScenario -->
  <testcase classname="io.cucumber.testng.AbstractTestNGCucumberTests" name="runScenario" time="47.139">
    <failure type="org.openqa.selenium.NoSuchWindowException" message="no such window: target window already closed
from unknown error: web view not found
  (Session info: MicrosoftEdge=114.0.1823.67)
Build info: version: &amp;apos;4.10.0&amp;apos;, revision: &amp;apos;c14d967899&amp;apos;
System info: os.name: &amp;apos;Windows Server 2019&amp;apos;, os.arch: &amp;apos;amd64&amp;apos;, os.version: &amp;apos;10.0&amp;apos;, java.version: &amp;apos;17.0.7&amp;apos;
Driver info: org.openqa.selenium.edge.EdgeDriver
Command: [7f38011cba68cd76cc96d481a2d994c7, getAlertText {}]
Capabilities {acceptInsecureCerts: false, browserName: msedge, browserVersion: 114.0.1823.67, ms:edgeOptions: {debuggerAddress: localhost:53805}, msedge: {msedgedriverVersion: 114.0.1823.58 (913ab82f672f..., userDataDir: C:\Users\10141H1R\AppData\L...}, networkConnectionEnabled: false, pageLoadStrategy: normal, platformName: windows, proxy: Proxy(), se:cdp: ws://localhost:53805/devtoo..., se:cdpVersion: 114.0.1823.67, setWindowRect: true, strictFileInteractability: false, timeouts: {implicit: 0, pageLoad: 300000, script: 30000}, unhandledPromptBehavior: dismiss and notify, webauthn:extension:credBlob: true, webauthn:extension:largeBlob: true, webauthn:extension:minPinLength: true, webauthn:extension:prf: true, webauthn:virtualAuthenticators: true}
Session ID: 7f38011cba68cd76cc96d481a2d994c7">
      <![CDATA[org.openqa.selenium.NoSuchWindowException: no such window: target window already closed
from unknown error: web view not found
  (Session info: MicrosoftEdge=114.0.1823.67)
Build info: version: '4.10.0', revision: 'c14d967899'
System info: os.name: 'Windows Server 2019', os.arch: 'amd64', os.version: '10.0', java.version: '17.0.7'
Driver info: org.openqa.selenium.edge.EdgeDriver
Command: [7f38011cba68cd76cc96d481a2d994c7, getAlertText {}]
Capabilities {acceptInsecureCerts: false, browserName: msedge, browserVersion: 114.0.1823.67, ms:edgeOptions: {debuggerAddress: localhost:53805}, msedge: {msedgedriverVersion: 114.0.1823.58 (913ab82f672f..., userDataDir: C:\Users\10141H1R\AppData\L...}, networkConnectionEnabled: false, pageLoadStrategy: normal, platformName: windows, proxy: Proxy(), se:cdp: ws://localhost:53805/devtoo..., se:cdpVersion: 114.0.1823.67, setWindowRect: true, strictFileInteractability: false, timeouts: {implicit: 0, pageLoad: 300000, script: 30000}, unhandledPromptBehavior: dismiss and notify, webauthn:extension:credBlob: true, webauthn:extension:largeBlob: true, webauthn:extension:minPinLength: true, webauthn:extension:prf: true, webauthn:virtualAuthenticators: true}
Session ID: 7f38011cba68cd76cc96d481a2d994c7
at org.openqa.selenium.remote.codec.w3c.W3CHttpResponseCodec.createException(W3CHttpResponseCodec.java:199)
at org.openqa.selenium.remote.codec.w3c.W3CHttpResponseCodec.decode(W3CHttpResponseCodec.java:132)
at org.openqa.selenium.remote.codec.w3c.W3CHttpResponseCodec.decode(W3CHttpResponseCodec.java:51)
at org.openqa.selenium.remote.HttpCommandExecutor.execute(HttpCommandExecutor.java:191)
at org.openqa.selenium.remote.service.DriverCommandExecutor.invokeExecute(DriverCommandExecutor.java:196)
at org.openqa.selenium.remote.service.DriverCommandExecutor.execute(DriverCommandExecutor.java:171)
at org.openqa.selenium.remote.RemoteWebDriver.execute(RemoteWebDriver.java:531)
at org.openqa.selenium.remote.RemoteWebDriver.execute(RemoteWebDriver.java:590)
at org.openqa.selenium.remote.RemoteWebDriver.execute(RemoteWebDriver.java:594)
at org.openqa.selenium.remote.RemoteWebDriver$RemoteTargetLocator.alert(RemoteWebDriver.java:1084)
at PageObjects.StatusReportPage.ApprovedPost(StatusReportPage.java:132)
at StepDefinitions.StatusReport_Step.AdminApproved_TheReport(StatusReport_Step.java:47)
at ✽.Admin enters the status as "Approved" and selects the submit button(file:///C:/Users/10141H1R/HPCL-POC/HPCL_Poc_Demo/./src/main/java/HP_Radar_featureFiles/feature/B_AdminHomePage.feature:18)
... Removed 5 stack frames]]>
    </failure>
  </testcase> <!-- runScenario -->
</testsuite> <!-- ChromeBrowserTest -->
