<?xml version="1.0" encoding="UTF-8"?>
<!-- Generated by org.testng.reporters.JUnitXMLReporter -->
<testsuite ignored="0" hostname="QAPTJM03" failures="5" tests="7" name="FireFoxBrowserTest" time="145.176" errors="0" timestamp="2023-07-10T17:21:16 IST">
  <testcase classname="io.cucumber.testng.AbstractTestNGCucumberTests" name="runScenario" time="31.841">
    <failure type="org.openqa.selenium.interactions.MoveTargetOutOfBoundsException" message="(625, 932) is out of bounds of viewport width (1280) and height (899)
Build info: version: &amp;apos;4.10.0&amp;apos;, revision: &amp;apos;c14d967899&amp;apos;
System info: os.name: &amp;apos;Windows Server 2019&amp;apos;, os.arch: &amp;apos;amd64&amp;apos;, os.version: &amp;apos;10.0&amp;apos;, java.version: &amp;apos;17.0.7&amp;apos;
Driver info: org.openqa.selenium.firefox.FirefoxDriver
Command: [cb8c8acb-b5d0-44ad-8b2e-a350b41d8bf2, actions {actions=[org.openqa.selenium.interactions.Sequence@318155b1]}]
Capabilities {acceptInsecureCerts: true, browserName: firefox, browserVersion: 115.0.1, moz:accessibilityChecks: false, moz:buildID: 20230706202047, moz:debuggerAddress: 127.0.0.1:12330, moz:geckodriverVersion: 0.33.0, moz:headless: false, moz:platformVersion: 10.0, moz:processID: 18928, moz:profile: C:\Users\10141H1R\AppData\L..., moz:shutdownTimeout: 60000, moz:useNonSpecCompliantPointerOrigin: false, moz:webdriverClick: true, moz:windowless: false, pageLoadStrategy: normal, platformName: windows, proxy: Proxy(), se:cdp: ws://127.0.0.1:12330/devtoo..., se:cdpVersion: 85.0, setWindowRect: true, strictFileInteractability: false, timeouts: {implicit: 0, pageLoad: 300000, script: 30000}, unhandledPromptBehavior: dismiss and notify}
Session ID: cb8c8acb-b5d0-44ad-8b2e-a350b41d8bf2">
      <![CDATA[org.openqa.selenium.interactions.MoveTargetOutOfBoundsException: (625, 932) is out of bounds of viewport width (1280) and height (899)
Build info: version: '4.10.0', revision: 'c14d967899'
System info: os.name: 'Windows Server 2019', os.arch: 'amd64', os.version: '10.0', java.version: '17.0.7'
Driver info: org.openqa.selenium.firefox.FirefoxDriver
Command: [cb8c8acb-b5d0-44ad-8b2e-a350b41d8bf2, actions {actions=[org.openqa.selenium.interactions.Sequence@318155b1]}]
Capabilities {acceptInsecureCerts: true, browserName: firefox, browserVersion: 115.0.1, moz:accessibilityChecks: false, moz:buildID: 20230706202047, moz:debuggerAddress: 127.0.0.1:12330, moz:geckodriverVersion: 0.33.0, moz:headless: false, moz:platformVersion: 10.0, moz:processID: 18928, moz:profile: C:\Users\10141H1R\AppData\L..., moz:shutdownTimeout: 60000, moz:useNonSpecCompliantPointerOrigin: false, moz:webdriverClick: true, moz:windowless: false, pageLoadStrategy: normal, platformName: windows, proxy: Proxy(), se:cdp: ws://127.0.0.1:12330/devtoo..., se:cdpVersion: 85.0, setWindowRect: true, strictFileInteractability: false, timeouts: {implicit: 0, pageLoad: 300000, script: 30000}, unhandledPromptBehavior: dismiss and notify}
Session ID: cb8c8acb-b5d0-44ad-8b2e-a350b41d8bf2
at org.openqa.selenium.remote.codec.w3c.W3CHttpResponseCodec.createException(W3CHttpResponseCodec.java:199)
at org.openqa.selenium.remote.codec.w3c.W3CHttpResponseCodec.decode(W3CHttpResponseCodec.java:132)
at org.openqa.selenium.remote.codec.w3c.W3CHttpResponseCodec.decode(W3CHttpResponseCodec.java:51)
at org.openqa.selenium.remote.HttpCommandExecutor.execute(HttpCommandExecutor.java:191)
at org.openqa.selenium.remote.service.DriverCommandExecutor.invokeExecute(DriverCommandExecutor.java:196)
at org.openqa.selenium.remote.service.DriverCommandExecutor.execute(DriverCommandExecutor.java:171)
at org.openqa.selenium.remote.RemoteWebDriver.execute(RemoteWebDriver.java:531)
at org.openqa.selenium.remote.RemoteWebDriver.perform(RemoteWebDriver.java:603)
at org.openqa.selenium.interactions.Actions$BuiltAction.perform(Actions.java:585)
at WebActions.ActionClass.Click(ActionClass.java:31)
at PageObjects.HPCL_PostPage.Slect_UploadBtn(HPCL_PostPage.java:157)
at StepDefinitions.PHRadar_PostPage_Step.user_should_able_to_upload_the_post(PHRadar_PostPage_Step.java:73)
at ✽.User should able to upload the post(file:///C:/Users/10141H1R/HPCL-POC/HPCL_Poc_Demo/./src/main/java/HP_Radar_featureFiles/feature/A_UserHomePage.feature:34)
... Removed 5 stack frames]]>
    </failure>
  </testcase> <!-- runScenario -->
  <testcase classname="io.cucumber.testng.AbstractTestNGCucumberTests" name="runScenario" time="25.048"/>
  <testcase classname="io.cucumber.testng.AbstractTestNGCucumberTests" name="runScenario" time="20.606">
    <failure type="org.openqa.selenium.NoSuchElementException" message="Unable to locate element: //input[@type=&amp;apos;search&amp;apos;]
For documentation on this error, please visit: https://www.selenium.dev/documentation/webdriver/troubleshooting/errors#no-such-element-exception
Build info: version: &amp;apos;4.10.0&amp;apos;, revision: &amp;apos;c14d967899&amp;apos;
System info: os.name: &amp;apos;Windows Server 2019&amp;apos;, os.arch: &amp;apos;amd64&amp;apos;, os.version: &amp;apos;10.0&amp;apos;, java.version: &amp;apos;17.0.7&amp;apos;
Driver info: org.openqa.selenium.firefox.FirefoxDriver
Command: [f50c1dc0-e7e9-4a56-80a4-0a797e52ee7a, findElement {using=xpath, value=//input[@type=&amp;apos;search&amp;apos;]}]
Capabilities {acceptInsecureCerts: true, browserName: firefox, browserVersion: 115.0.1, moz:accessibilityChecks: false, moz:buildID: 20230706202047, moz:debuggerAddress: 127.0.0.1:3318, moz:geckodriverVersion: 0.33.0, moz:headless: false, moz:platformVersion: 10.0, moz:processID: 15520, moz:profile: C:\Users\10141H1R\AppData\L..., moz:shutdownTimeout: 60000, moz:useNonSpecCompliantPointerOrigin: false, moz:webdriverClick: true, moz:windowless: false, pageLoadStrategy: normal, platformName: windows, proxy: Proxy(), se:cdp: ws://127.0.0.1:3318/devtool..., se:cdpVersion: 85.0, setWindowRect: true, strictFileInteractability: false, timeouts: {implicit: 0, pageLoad: 300000, script: 30000}, unhandledPromptBehavior: dismiss and notify}
Session ID: f50c1dc0-e7e9-4a56-80a4-0a797e52ee7a">
      <![CDATA[org.openqa.selenium.NoSuchElementException: Unable to locate element: //input[@type='search']
For documentation on this error, please visit: https://www.selenium.dev/documentation/webdriver/troubleshooting/errors#no-such-element-exception
Build info: version: '4.10.0', revision: 'c14d967899'
System info: os.name: 'Windows Server 2019', os.arch: 'amd64', os.version: '10.0', java.version: '17.0.7'
Driver info: org.openqa.selenium.firefox.FirefoxDriver
Command: [f50c1dc0-e7e9-4a56-80a4-0a797e52ee7a, findElement {using=xpath, value=//input[@type='search']}]
Capabilities {acceptInsecureCerts: true, browserName: firefox, browserVersion: 115.0.1, moz:accessibilityChecks: false, moz:buildID: 20230706202047, moz:debuggerAddress: 127.0.0.1:3318, moz:geckodriverVersion: 0.33.0, moz:headless: false, moz:platformVersion: 10.0, moz:processID: 15520, moz:profile: C:\Users\10141H1R\AppData\L..., moz:shutdownTimeout: 60000, moz:useNonSpecCompliantPointerOrigin: false, moz:webdriverClick: true, moz:windowless: false, pageLoadStrategy: normal, platformName: windows, proxy: Proxy(), se:cdp: ws://127.0.0.1:3318/devtool..., se:cdpVersion: 85.0, setWindowRect: true, strictFileInteractability: false, timeouts: {implicit: 0, pageLoad: 300000, script: 30000}, unhandledPromptBehavior: dismiss and notify}
Session ID: f50c1dc0-e7e9-4a56-80a4-0a797e52ee7a
at org.openqa.selenium.remote.codec.w3c.W3CHttpResponseCodec.createException(W3CHttpResponseCodec.java:199)
at org.openqa.selenium.remote.codec.w3c.W3CHttpResponseCodec.decode(W3CHttpResponseCodec.java:132)
at org.openqa.selenium.remote.codec.w3c.W3CHttpResponseCodec.decode(W3CHttpResponseCodec.java:51)
at org.openqa.selenium.remote.HttpCommandExecutor.execute(HttpCommandExecutor.java:191)
at org.openqa.selenium.remote.service.DriverCommandExecutor.invokeExecute(DriverCommandExecutor.java:196)
at org.openqa.selenium.remote.service.DriverCommandExecutor.execute(DriverCommandExecutor.java:171)
at org.openqa.selenium.remote.RemoteWebDriver.execute(RemoteWebDriver.java:531)
at org.openqa.selenium.remote.ElementLocation$ElementFinder$2.findElement(ElementLocation.java:165)
at org.openqa.selenium.remote.ElementLocation.findElement(ElementLocation.java:59)
at org.openqa.selenium.remote.RemoteWebDriver.findElement(RemoteWebDriver.java:350)
at org.openqa.selenium.remote.RemoteWebDriver.findElement(RemoteWebDriver.java:344)
at org.openqa.selenium.support.pagefactory.DefaultElementLocator.findElement(DefaultElementLocator.java:68)
at org.openqa.selenium.support.pagefactory.internal.LocatingElementHandler.invoke(LocatingElementHandler.java:38)
at jdk.proxy2/jdk.proxy2.$Proxy32.sendKeys(Unknown Source)
at PageObjects.StatusReportPage.EnterSearchBox(StatusReportPage.java:61)
at StepDefinitions.StatusReport_Step.AdminApproved_TheReport(StatusReport_Step.java:32)
at ✽.Admin enters the status as "Approved" and selects the submit button(file:///C:/Users/10141H1R/HPCL-POC/HPCL_Poc_Demo/./src/main/java/HP_Radar_featureFiles/feature/B_AdminHomePage.feature:18)
... Removed 5 stack frames]]>
    </failure>
  </testcase> <!-- runScenario -->
  <testcase classname="io.cucumber.testng.AbstractTestNGCucumberTests" name="runScenario" time="19.903">
    <failure type="org.openqa.selenium.NoSuchElementException" message="Unable to locate element: //input[@type=&amp;apos;search&amp;apos;]
For documentation on this error, please visit: https://www.selenium.dev/documentation/webdriver/troubleshooting/errors#no-such-element-exception
Build info: version: &amp;apos;4.10.0&amp;apos;, revision: &amp;apos;c14d967899&amp;apos;
System info: os.name: &amp;apos;Windows Server 2019&amp;apos;, os.arch: &amp;apos;amd64&amp;apos;, os.version: &amp;apos;10.0&amp;apos;, java.version: &amp;apos;17.0.7&amp;apos;
Driver info: org.openqa.selenium.firefox.FirefoxDriver
Command: [031dcd58-7c2d-4d81-836b-daa7e0d21ac4, findElement {using=xpath, value=//input[@type=&amp;apos;search&amp;apos;]}]
Capabilities {acceptInsecureCerts: true, browserName: firefox, browserVersion: 115.0.1, moz:accessibilityChecks: false, moz:buildID: 20230706202047, moz:debuggerAddress: 127.0.0.1:36375, moz:geckodriverVersion: 0.33.0, moz:headless: false, moz:platformVersion: 10.0, moz:processID: 15888, moz:profile: C:\Users\10141H1R\AppData\L..., moz:shutdownTimeout: 60000, moz:useNonSpecCompliantPointerOrigin: false, moz:webdriverClick: true, moz:windowless: false, pageLoadStrategy: normal, platformName: windows, proxy: Proxy(), se:cdp: ws://127.0.0.1:36375/devtoo..., se:cdpVersion: 85.0, setWindowRect: true, strictFileInteractability: false, timeouts: {implicit: 0, pageLoad: 300000, script: 30000}, unhandledPromptBehavior: dismiss and notify}
Session ID: 031dcd58-7c2d-4d81-836b-daa7e0d21ac4">
      <![CDATA[org.openqa.selenium.NoSuchElementException: Unable to locate element: //input[@type='search']
For documentation on this error, please visit: https://www.selenium.dev/documentation/webdriver/troubleshooting/errors#no-such-element-exception
Build info: version: '4.10.0', revision: 'c14d967899'
System info: os.name: 'Windows Server 2019', os.arch: 'amd64', os.version: '10.0', java.version: '17.0.7'
Driver info: org.openqa.selenium.firefox.FirefoxDriver
Command: [031dcd58-7c2d-4d81-836b-daa7e0d21ac4, findElement {using=xpath, value=//input[@type='search']}]
Capabilities {acceptInsecureCerts: true, browserName: firefox, browserVersion: 115.0.1, moz:accessibilityChecks: false, moz:buildID: 20230706202047, moz:debuggerAddress: 127.0.0.1:36375, moz:geckodriverVersion: 0.33.0, moz:headless: false, moz:platformVersion: 10.0, moz:processID: 15888, moz:profile: C:\Users\10141H1R\AppData\L..., moz:shutdownTimeout: 60000, moz:useNonSpecCompliantPointerOrigin: false, moz:webdriverClick: true, moz:windowless: false, pageLoadStrategy: normal, platformName: windows, proxy: Proxy(), se:cdp: ws://127.0.0.1:36375/devtoo..., se:cdpVersion: 85.0, setWindowRect: true, strictFileInteractability: false, timeouts: {implicit: 0, pageLoad: 300000, script: 30000}, unhandledPromptBehavior: dismiss and notify}
Session ID: 031dcd58-7c2d-4d81-836b-daa7e0d21ac4
at org.openqa.selenium.remote.codec.w3c.W3CHttpResponseCodec.createException(W3CHttpResponseCodec.java:199)
at org.openqa.selenium.remote.codec.w3c.W3CHttpResponseCodec.decode(W3CHttpResponseCodec.java:132)
at org.openqa.selenium.remote.codec.w3c.W3CHttpResponseCodec.decode(W3CHttpResponseCodec.java:51)
at org.openqa.selenium.remote.HttpCommandExecutor.execute(HttpCommandExecutor.java:191)
at org.openqa.selenium.remote.service.DriverCommandExecutor.invokeExecute(DriverCommandExecutor.java:196)
at org.openqa.selenium.remote.service.DriverCommandExecutor.execute(DriverCommandExecutor.java:171)
at org.openqa.selenium.remote.RemoteWebDriver.execute(RemoteWebDriver.java:531)
at org.openqa.selenium.remote.ElementLocation$ElementFinder$2.findElement(ElementLocation.java:165)
at org.openqa.selenium.remote.ElementLocation.findElement(ElementLocation.java:59)
at org.openqa.selenium.remote.RemoteWebDriver.findElement(RemoteWebDriver.java:350)
at org.openqa.selenium.remote.RemoteWebDriver.findElement(RemoteWebDriver.java:344)
at org.openqa.selenium.support.pagefactory.DefaultElementLocator.findElement(DefaultElementLocator.java:68)
at org.openqa.selenium.support.pagefactory.internal.LocatingElementHandler.invoke(LocatingElementHandler.java:38)
at jdk.proxy2/jdk.proxy2.$Proxy32.sendKeys(Unknown Source)
at PageObjects.StatusReportPage.EnterSearchBox(StatusReportPage.java:61)
at StepDefinitions.StatusReport_Step.AdminUnpublish_theReport(StatusReport_Step.java:125)
at ✽.Admin enters the status as "Unpublish" and Selects the submit button(file:///C:/Users/10141H1R/HPCL-POC/HPCL_Poc_Demo/./src/main/java/HP_Radar_featureFiles/feature/B_AdminHomePage.feature:27)
... Removed 5 stack frames]]>
    </failure>
  </testcase> <!-- runScenario -->
  <testcase classname="io.cucumber.testng.AbstractTestNGCucumberTests" name="runScenario" time="19.934">
    <failure type="org.openqa.selenium.NoSuchElementException" message="Unable to locate element: //input[@type=&amp;apos;search&amp;apos;]
For documentation on this error, please visit: https://www.selenium.dev/documentation/webdriver/troubleshooting/errors#no-such-element-exception
Build info: version: &amp;apos;4.10.0&amp;apos;, revision: &amp;apos;c14d967899&amp;apos;
System info: os.name: &amp;apos;Windows Server 2019&amp;apos;, os.arch: &amp;apos;amd64&amp;apos;, os.version: &amp;apos;10.0&amp;apos;, java.version: &amp;apos;17.0.7&amp;apos;
Driver info: org.openqa.selenium.firefox.FirefoxDriver
Command: [9676c70d-8cf3-40d3-97aa-431621287979, findElement {using=xpath, value=//input[@type=&amp;apos;search&amp;apos;]}]
Capabilities {acceptInsecureCerts: true, browserName: firefox, browserVersion: 115.0.1, moz:accessibilityChecks: false, moz:buildID: 20230706202047, moz:debuggerAddress: 127.0.0.1:30703, moz:geckodriverVersion: 0.33.0, moz:headless: false, moz:platformVersion: 10.0, moz:processID: 12544, moz:profile: C:\Users\10141H1R\AppData\L..., moz:shutdownTimeout: 60000, moz:useNonSpecCompliantPointerOrigin: false, moz:webdriverClick: true, moz:windowless: false, pageLoadStrategy: normal, platformName: windows, proxy: Proxy(), se:cdp: ws://127.0.0.1:30703/devtoo..., se:cdpVersion: 85.0, setWindowRect: true, strictFileInteractability: false, timeouts: {implicit: 0, pageLoad: 300000, script: 30000}, unhandledPromptBehavior: dismiss and notify}
Session ID: 9676c70d-8cf3-40d3-97aa-431621287979">
      <![CDATA[org.openqa.selenium.NoSuchElementException: Unable to locate element: //input[@type='search']
For documentation on this error, please visit: https://www.selenium.dev/documentation/webdriver/troubleshooting/errors#no-such-element-exception
Build info: version: '4.10.0', revision: 'c14d967899'
System info: os.name: 'Windows Server 2019', os.arch: 'amd64', os.version: '10.0', java.version: '17.0.7'
Driver info: org.openqa.selenium.firefox.FirefoxDriver
Command: [9676c70d-8cf3-40d3-97aa-431621287979, findElement {using=xpath, value=//input[@type='search']}]
Capabilities {acceptInsecureCerts: true, browserName: firefox, browserVersion: 115.0.1, moz:accessibilityChecks: false, moz:buildID: 20230706202047, moz:debuggerAddress: 127.0.0.1:30703, moz:geckodriverVersion: 0.33.0, moz:headless: false, moz:platformVersion: 10.0, moz:processID: 12544, moz:profile: C:\Users\10141H1R\AppData\L..., moz:shutdownTimeout: 60000, moz:useNonSpecCompliantPointerOrigin: false, moz:webdriverClick: true, moz:windowless: false, pageLoadStrategy: normal, platformName: windows, proxy: Proxy(), se:cdp: ws://127.0.0.1:30703/devtoo..., se:cdpVersion: 85.0, setWindowRect: true, strictFileInteractability: false, timeouts: {implicit: 0, pageLoad: 300000, script: 30000}, unhandledPromptBehavior: dismiss and notify}
Session ID: 9676c70d-8cf3-40d3-97aa-431621287979
at org.openqa.selenium.remote.codec.w3c.W3CHttpResponseCodec.createException(W3CHttpResponseCodec.java:199)
at org.openqa.selenium.remote.codec.w3c.W3CHttpResponseCodec.decode(W3CHttpResponseCodec.java:132)
at org.openqa.selenium.remote.codec.w3c.W3CHttpResponseCodec.decode(W3CHttpResponseCodec.java:51)
at org.openqa.selenium.remote.HttpCommandExecutor.execute(HttpCommandExecutor.java:191)
at org.openqa.selenium.remote.service.DriverCommandExecutor.invokeExecute(DriverCommandExecutor.java:196)
at org.openqa.selenium.remote.service.DriverCommandExecutor.execute(DriverCommandExecutor.java:171)
at org.openqa.selenium.remote.RemoteWebDriver.execute(RemoteWebDriver.java:531)
at org.openqa.selenium.remote.ElementLocation$ElementFinder$2.findElement(ElementLocation.java:165)
at org.openqa.selenium.remote.ElementLocation.findElement(ElementLocation.java:59)
at org.openqa.selenium.remote.RemoteWebDriver.findElement(RemoteWebDriver.java:350)
at org.openqa.selenium.remote.RemoteWebDriver.findElement(RemoteWebDriver.java:344)
at org.openqa.selenium.support.pagefactory.DefaultElementLocator.findElement(DefaultElementLocator.java:68)
at org.openqa.selenium.support.pagefactory.internal.LocatingElementHandler.invoke(LocatingElementHandler.java:38)
at jdk.proxy2/jdk.proxy2.$Proxy32.sendKeys(Unknown Source)
at PageObjects.StatusReportPage.EnterSearchBox(StatusReportPage.java:61)
at StepDefinitions.StatusReport_Step.adminEntersStatusAndSubmit(StatusReport_Step.java:78)
at ✽.Admin enters the Status as "Rejected" and selects the submit button(file:///C:/Users/10141H1R/HPCL-POC/HPCL_Poc_Demo/./src/main/java/HP_Radar_featureFiles/feature/B_AdminHomePage.feature:34)
... Removed 5 stack frames]]>
    </failure>
  </testcase> <!-- runScenario -->
  <testcase classname="io.cucumber.testng.AbstractTestNGCucumberTests" name="runScenario" time="20.565">
    <failure type="org.openqa.selenium.NoSuchElementException" message="Unable to locate element: //h2[normalize-space()=&amp;apos;HP News Submissions&amp;apos;]
For documentation on this error, please visit: https://www.selenium.dev/documentation/webdriver/troubleshooting/errors#no-such-element-exception
Build info: version: &amp;apos;4.10.0&amp;apos;, revision: &amp;apos;c14d967899&amp;apos;
System info: os.name: &amp;apos;Windows Server 2019&amp;apos;, os.arch: &amp;apos;amd64&amp;apos;, os.version: &amp;apos;10.0&amp;apos;, java.version: &amp;apos;17.0.7&amp;apos;
Driver info: org.openqa.selenium.firefox.FirefoxDriver
Command: [b9343d13-3085-4cc9-9ea0-8712010b8101, findElement {using=xpath, value=//h2[normalize-space()=&amp;apos;HP News Submissions&amp;apos;]}]
Capabilities {acceptInsecureCerts: true, browserName: firefox, browserVersion: 115.0.1, moz:accessibilityChecks: false, moz:buildID: 20230706202047, moz:debuggerAddress: 127.0.0.1:32799, moz:geckodriverVersion: 0.33.0, moz:headless: false, moz:platformVersion: 10.0, moz:processID: 7316, moz:profile: C:\Users\10141H1R\AppData\L..., moz:shutdownTimeout: 60000, moz:useNonSpecCompliantPointerOrigin: false, moz:webdriverClick: true, moz:windowless: false, pageLoadStrategy: normal, platformName: windows, proxy: Proxy(), se:cdp: ws://127.0.0.1:32799/devtoo..., se:cdpVersion: 85.0, setWindowRect: true, strictFileInteractability: false, timeouts: {implicit: 0, pageLoad: 300000, script: 30000}, unhandledPromptBehavior: dismiss and notify}
Session ID: b9343d13-3085-4cc9-9ea0-8712010b8101">
      <![CDATA[org.openqa.selenium.NoSuchElementException: Unable to locate element: //h2[normalize-space()='HP News Submissions']
For documentation on this error, please visit: https://www.selenium.dev/documentation/webdriver/troubleshooting/errors#no-such-element-exception
Build info: version: '4.10.0', revision: 'c14d967899'
System info: os.name: 'Windows Server 2019', os.arch: 'amd64', os.version: '10.0', java.version: '17.0.7'
Driver info: org.openqa.selenium.firefox.FirefoxDriver
Command: [b9343d13-3085-4cc9-9ea0-8712010b8101, findElement {using=xpath, value=//h2[normalize-space()='HP News Submissions']}]
Capabilities {acceptInsecureCerts: true, browserName: firefox, browserVersion: 115.0.1, moz:accessibilityChecks: false, moz:buildID: 20230706202047, moz:debuggerAddress: 127.0.0.1:32799, moz:geckodriverVersion: 0.33.0, moz:headless: false, moz:platformVersion: 10.0, moz:processID: 7316, moz:profile: C:\Users\10141H1R\AppData\L..., moz:shutdownTimeout: 60000, moz:useNonSpecCompliantPointerOrigin: false, moz:webdriverClick: true, moz:windowless: false, pageLoadStrategy: normal, platformName: windows, proxy: Proxy(), se:cdp: ws://127.0.0.1:32799/devtoo..., se:cdpVersion: 85.0, setWindowRect: true, strictFileInteractability: false, timeouts: {implicit: 0, pageLoad: 300000, script: 30000}, unhandledPromptBehavior: dismiss and notify}
Session ID: b9343d13-3085-4cc9-9ea0-8712010b8101
at org.openqa.selenium.remote.codec.w3c.W3CHttpResponseCodec.createException(W3CHttpResponseCodec.java:199)
at org.openqa.selenium.remote.codec.w3c.W3CHttpResponseCodec.decode(W3CHttpResponseCodec.java:132)
at org.openqa.selenium.remote.codec.w3c.W3CHttpResponseCodec.decode(W3CHttpResponseCodec.java:51)
at org.openqa.selenium.remote.HttpCommandExecutor.execute(HttpCommandExecutor.java:191)
at org.openqa.selenium.remote.service.DriverCommandExecutor.invokeExecute(DriverCommandExecutor.java:196)
at org.openqa.selenium.remote.service.DriverCommandExecutor.execute(DriverCommandExecutor.java:171)
at org.openqa.selenium.remote.RemoteWebDriver.execute(RemoteWebDriver.java:531)
at org.openqa.selenium.remote.ElementLocation$ElementFinder$2.findElement(ElementLocation.java:165)
at org.openqa.selenium.remote.ElementLocation.findElement(ElementLocation.java:59)
at org.openqa.selenium.remote.RemoteWebDriver.findElement(RemoteWebDriver.java:350)
at org.openqa.selenium.remote.RemoteWebDriver.findElement(RemoteWebDriver.java:344)
at org.openqa.selenium.support.pagefactory.DefaultElementLocator.findElement(DefaultElementLocator.java:68)
at org.openqa.selenium.support.pagefactory.internal.LocatingElementHandler.invoke(LocatingElementHandler.java:38)
at jdk.proxy2/jdk.proxy2.$Proxy32.isDisplayed(Unknown Source)
at WebActions.ActionClass.Isdisplayed(ActionClass.java:62)
at PageObjects.HPNews_SubmissionPage.HPNewsPageExist(HPNews_SubmissionPage.java:37)
at StepDefinitions.HPNews_SubmissionPage_Step.admin_is_on_hp_news_submissions_report_page(HPNews_SubmissionPage_Step.java:31)
at ✽.Admin is on HP News Submissions report page(file:///C:/Users/10141H1R/HPCL-POC/HPCL_Poc_Demo/./src/main/java/HP_Radar_featureFiles/feature/B_AdminHomePage.feature:42)
... Removed 5 stack frames]]>
    </failure>
  </testcase> <!-- runScenario -->
  <testcase classname="io.cucumber.testng.AbstractTestNGCucumberTests" name="runScenario" time="7.18"/>
</testsuite> <!-- FireFoxBrowserTest -->
