<?xml version="1.0" encoding="UTF-8"?>
<testng-results ignored="0" total="3" passed="3" failed="0" skipped="0">
  <reporter-output>
  </reporter-output>
  <suite started-at="2023-07-13T13:22:19 IST" name="My_Suite" finished-at="2023-07-13T13:22:34 IST" duration-ms="14991">
    <groups>
      <group name="cucumber">
        <method signature="AbstractTestNGCucumberTests.runScenario(io.cucumber.testng.PickleWrapper,io.cucumber.testng.FeatureWrapper)[pri:0, instance:TestRunner.TestNgRunner2@e1de817]" name="runScenario" class="io.cucumber.testng.AbstractTestNGCucumberTests"/>
      </group> <!-- cucumber -->
    </groups>
    <test started-at="2023-07-13T13:22:19 IST" name="ChromeBrowserTest" finished-at="2023-07-13T13:22:34 IST" duration-ms="14991">
      <class name="TestRunner.TestNgRunner2">
        <test-method is-config="true" signature="setUpClass(org.testng.ITestContext)[pri:0, instance:TestRunner.TestNgRunner2@e1de817]" started-at="2023-07-13T13:22:19 IST" name="setUpClass" finished-at="2023-07-13T13:22:20 IST" duration-ms="869" status="PASS">
          <params>
            <param index="0">
              <value>
                <![CDATA[org.testng.TestRunner@27462a88]]>
              </value>
            </param>
          </params>
          <reporter-output>
          </reporter-output>
        </test-method> <!-- setUpClass -->
        <test-method is-config="true" signature="SetUpApplication(java.lang.String)[pri:0, instance:TestRunner.TestNgRunner2@e1de817]" started-at="2023-07-13T13:22:20 IST" name="SetUpApplication" finished-at="2023-07-13T13:22:20 IST" duration-ms="1" status="PASS">
          <params>
            <param index="0">
              <value>
                <![CDATA[edge]]>
              </value>
            </param>
          </params>
          <reporter-output>
          </reporter-output>
        </test-method> <!-- SetUpApplication -->
        <test-method signature="runScenario(io.cucumber.testng.PickleWrapper,io.cucumber.testng.FeatureWrapper)[pri:0, instance:TestRunner.TestNgRunner2@e1de817]" started-at="2023-07-13T13:22:20 IST" name="runScenario" description="Runs Cucumber Scenarios" data-provider="scenarios" finished-at="2023-07-13T13:22:31 IST" duration-ms="11482" status="PASS">
          <params>
            <param index="0">
              <value>
                <![CDATA["Verify user abel to upload HP Radar News"]]>
              </value>
            </param>
            <param index="1">
              <value>
                <![CDATA["Verifying user able to Upload The HPCL post and HP News link"]]>
              </value>
            </param>
          </params>
          <reporter-output>
          </reporter-output>
        </test-method> <!-- runScenario -->
        <test-method signature="runScenario(io.cucumber.testng.PickleWrapper,io.cucumber.testng.FeatureWrapper)[pri:0, instance:TestRunner.TestNgRunner2@e1de817]" started-at="2023-07-13T13:22:20 IST" name="runScenario" description="Runs Cucumber Scenarios" data-provider="scenarios" finished-at="2023-07-13T13:22:28 IST" duration-ms="8318" status="PASS">
          <params>
            <param index="0">
              <value>
                <![CDATA["Verifying Admin user is able to upload HP Senior League Videos or not"]]>
              </value>
            </param>
            <param index="1">
              <value>
                <![CDATA["Verifying user able to Upload The HPCL post and HP News link"]]>
              </value>
            </param>
          </params>
          <reporter-output>
          </reporter-output>
        </test-method> <!-- runScenario -->
        <test-method signature="runScenario(io.cucumber.testng.PickleWrapper,io.cucumber.testng.FeatureWrapper)[pri:0, instance:TestRunner.TestNgRunner2@e1de817]" started-at="2023-07-13T13:22:20 IST" name="runScenario" description="Runs Cucumber Scenarios" data-provider="scenarios" finished-at="2023-07-13T13:22:32 IST" duration-ms="12638" status="PASS">
          <params>
            <param index="0">
              <value>
                <![CDATA["Verify user abel to upload HP Radar post"]]>
              </value>
            </param>
            <param index="1">
              <value>
                <![CDATA["Verifying user able to Upload The HPCL post and HP News link"]]>
              </value>
            </param>
          </params>
          <reporter-output>
          </reporter-output>
        </test-method> <!-- runScenario -->
        <test-method is-config="true" signature="tearDownClass()[pri:0, instance:TestRunner.TestNgRunner2@e1de817]" started-at="2023-07-13T13:22:32 IST" name="tearDownClass" finished-at="2023-07-13T13:22:34 IST" duration-ms="1445" status="PASS">
          <reporter-output>
          </reporter-output>
        </test-method> <!-- tearDownClass -->
      </class> <!-- TestRunner.TestNgRunner2 -->
    </test> <!-- ChromeBrowserTest -->
  </suite> <!-- My_Suite -->
</testng-results>
