<?xml version="1.0" encoding="UTF-8"?>
<testng-results ignored="0" total="2" passed="2" failed="0" skipped="0">
  <reporter-output>
  </reporter-output>
  <suite started-at="2023-07-13T15:24:58 IST" name="My_Suite" finished-at="2023-07-13T15:25:12 IST" duration-ms="13813">
    <groups>
      <group name="cucumber">
        <method signature="AbstractTestNGCucumberTests.runScenario(io.cucumber.testng.PickleWrapper,io.cucumber.testng.FeatureWrapper)[pri:0, instance:TestRunner.TestNgRunner2@e1de817]" name="runScenario" class="io.cucumber.testng.AbstractTestNGCucumberTests"/>
      </group> <!-- cucumber -->
    </groups>
    <test started-at="2023-07-13T15:24:58 IST" name="ChromeBrowserTest" finished-at="2023-07-13T15:25:12 IST" duration-ms="13813">
      <class name="TestRunner.TestNgRunner2">
        <test-method is-config="true" signature="setUpClass(org.testng.ITestContext)[pri:0, instance:TestRunner.TestNgRunner2@e1de817]" started-at="2023-07-13T15:24:58 IST" name="setUpClass" finished-at="2023-07-13T15:24:59 IST" duration-ms="858" status="PASS">
          <params>
            <param index="0">
              <value>
                <![CDATA[org.testng.TestRunner@27462a88]]>
              </value>
            </param>
          </params>
          <reporter-output>
          </reporter-output>
        </test-method> <!-- setUpClass -->
        <test-method is-config="true" signature="SetUpApplication(java.lang.String)[pri:0, instance:TestRunner.TestNgRunner2@e1de817]" started-at="2023-07-13T15:24:59 IST" name="SetUpApplication" finished-at="2023-07-13T15:24:59 IST" duration-ms="2" status="PASS">
          <params>
            <param index="0">
              <value>
                <![CDATA[chrome]]>
              </value>
            </param>
          </params>
          <reporter-output>
          </reporter-output>
        </test-method> <!-- SetUpApplication -->
        <test-method signature="runScenario(io.cucumber.testng.PickleWrapper,io.cucumber.testng.FeatureWrapper)[pri:0, instance:TestRunner.TestNgRunner2@e1de817]" started-at="2023-07-13T15:24:59 IST" name="runScenario" description="Runs Cucumber Scenarios" data-provider="scenarios" finished-at="2023-07-13T15:25:10 IST" duration-ms="11127" status="PASS">
          <params>
            <param index="0">
              <value>
                <![CDATA["Verify user abel to upload HP Radar post"]]>
              </value>
            </param>
            <param index="1">
              <value>
                <![CDATA["Verifying user able to Upload The HPCL post and HP News link"]]>
              </value>
            </param>
          </params>
          <reporter-output>
          </reporter-output>
        </test-method> <!-- runScenario -->
        <test-method signature="runScenario(io.cucumber.testng.PickleWrapper,io.cucumber.testng.FeatureWrapper)[pri:0, instance:TestRunner.TestNgRunner2@e1de817]" started-at="2023-07-13T15:24:59 IST" name="runScenario" description="Runs Cucumber Scenarios" data-provider="scenarios" finished-at="2023-07-13T15:25:11 IST" duration-ms="11529" status="PASS">
          <params>
            <param index="0">
              <value>
                <![CDATA["Verify user abel to upload HP Radar News"]]>
              </value>
            </param>
            <param index="1">
              <value>
                <![CDATA["Verifying user able to Upload The HPCL post and HP News link"]]>
              </value>
            </param>
          </params>
          <reporter-output>
          </reporter-output>
        </test-method> <!-- runScenario -->
        <test-method is-config="true" signature="tearDownClass()[pri:0, instance:TestRunner.TestNgRunner2@e1de817]" started-at="2023-07-13T15:25:11 IST" name="tearDownClass" finished-at="2023-07-13T15:25:12 IST" duration-ms="1385" status="PASS">
          <reporter-output>
          </reporter-output>
        </test-method> <!-- tearDownClass -->
      </class> <!-- TestRunner.TestNgRunner2 -->
    </test> <!-- ChromeBrowserTest -->
  </suite> <!-- My_Suite -->
</testng-results>
