<?xml version="1.0" encoding="UTF-8"?>
<testng-results ignored="0" total="6" passed="6" failed="0" skipped="0">
  <reporter-output>
  </reporter-output>
  <suite started-at="2023-07-13T14:34:35 IST" name="My_Suite" finished-at="2023-07-13T14:35:32 IST" duration-ms="57157">
    <groups>
      <group name="cucumber">
        <method signature="AbstractTestNGCucumberTests.runScenario(io.cucumber.testng.PickleWrapper,io.cucumber.testng.FeatureWrapper)[pri:0, instance:TestRunner.TestNgRunner@e1de817]" name="runScenario" class="io.cucumber.testng.AbstractTestNGCucumberTests"/>
      </group> <!-- cucumber -->
    </groups>
    <test started-at="2023-07-13T14:34:35 IST" name="ChromeBrowserTest" finished-at="2023-07-13T14:35:32 IST" duration-ms="57157">
      <class name="TestRunner.TestNgRunner">
        <test-method is-config="true" signature="setUpClass(org.testng.ITestContext)[pri:0, instance:TestRunner.TestNgRunner@e1de817]" started-at="2023-07-13T14:34:35 IST" name="setUpClass" finished-at="2023-07-13T14:34:36 IST" duration-ms="839" status="PASS">
          <params>
            <param index="0">
              <value>
                <![CDATA[org.testng.TestRunner@27462a88]]>
              </value>
            </param>
          </params>
          <reporter-output>
          </reporter-output>
        </test-method> <!-- setUpClass -->
        <test-method is-config="true" signature="SetUpApplication(java.lang.String)[pri:0, instance:TestRunner.TestNgRunner@e1de817]" started-at="2023-07-13T14:34:36 IST" name="SetUpApplication" finished-at="2023-07-13T14:34:36 IST" duration-ms="1" status="PASS">
          <params>
            <param index="0">
              <value>
                <![CDATA[chrome]]>
              </value>
            </param>
          </params>
          <reporter-output>
          </reporter-output>
        </test-method> <!-- SetUpApplication -->
        <test-method signature="runScenario(io.cucumber.testng.PickleWrapper,io.cucumber.testng.FeatureWrapper)[pri:0, instance:TestRunner.TestNgRunner@e1de817]" started-at="2023-07-13T14:34:36 IST" name="runScenario" description="Runs Cucumber Scenarios" data-provider="scenarios" finished-at="2023-07-13T14:34:46 IST" duration-ms="9943" status="PASS">
          <params>
            <param index="0">
              <value>
                <![CDATA["Verify user abel to upload HP Radar post"]]>
              </value>
            </param>
            <param index="1">
              <value>
                <![CDATA["Verifying user able to Upload The HPCL post and HP News link"]]>
              </value>
            </param>
          </params>
          <reporter-output>
          </reporter-output>
        </test-method> <!-- runScenario -->
        <test-method signature="runScenario(io.cucumber.testng.PickleWrapper,io.cucumber.testng.FeatureWrapper)[pri:0, instance:TestRunner.TestNgRunner@e1de817]" started-at="2023-07-13T14:34:46 IST" name="runScenario" description="Runs Cucumber Scenarios" data-provider="scenarios" finished-at="2023-07-13T14:34:55 IST" duration-ms="8513" status="PASS">
          <params>
            <param index="0">
              <value>
                <![CDATA["Verify user abel to upload HP Radar News"]]>
              </value>
            </param>
            <param index="1">
              <value>
                <![CDATA["Verifying user able to Upload The HPCL post and HP News link"]]>
              </value>
            </param>
          </params>
          <reporter-output>
          </reporter-output>
        </test-method> <!-- runScenario -->
        <test-method signature="runScenario(io.cucumber.testng.PickleWrapper,io.cucumber.testng.FeatureWrapper)[pri:0, instance:TestRunner.TestNgRunner@e1de817]" started-at="2023-07-13T14:34:55 IST" name="runScenario" description="Runs Cucumber Scenarios" data-provider="scenarios" finished-at="2023-07-13T14:35:05 IST" duration-ms="10369" status="PASS">
          <params>
            <param index="0">
              <value>
                <![CDATA["Verifying Admin user able to approve and publish the post"]]>
              </value>
            </param>
            <param index="1">
              <value>
                <![CDATA["Verifying user able to Upload The HPCL post and HP News link"]]>
              </value>
            </param>
          </params>
          <reporter-output>
          </reporter-output>
        </test-method> <!-- runScenario -->
        <test-method signature="runScenario(io.cucumber.testng.PickleWrapper,io.cucumber.testng.FeatureWrapper)[pri:0, instance:TestRunner.TestNgRunner@e1de817]" started-at="2023-07-13T14:35:05 IST" name="runScenario" description="Runs Cucumber Scenarios" data-provider="scenarios" finished-at="2023-07-13T14:35:15 IST" duration-ms="10261" status="PASS">
          <params>
            <param index="0">
              <value>
                <![CDATA["Verifying Admin user able to unpublished the report successfully"]]>
              </value>
            </param>
            <param index="1">
              <value>
                <![CDATA["Verifying user able to Upload The HPCL post and HP News link"]]>
              </value>
            </param>
          </params>
          <reporter-output>
          </reporter-output>
        </test-method> <!-- runScenario -->
        <test-method signature="runScenario(io.cucumber.testng.PickleWrapper,io.cucumber.testng.FeatureWrapper)[pri:0, instance:TestRunner.TestNgRunner@e1de817]" started-at="2023-07-13T14:35:15 IST" name="runScenario" description="Runs Cucumber Scenarios" data-provider="scenarios" finished-at="2023-07-13T14:35:26 IST" duration-ms="10338" status="PASS">
          <params>
            <param index="0">
              <value>
                <![CDATA["Verifying Admin user able to Rejected the report successfully"]]>
              </value>
            </param>
            <param index="1">
              <value>
                <![CDATA["Verifying user able to Upload The HPCL post and HP News link"]]>
              </value>
            </param>
          </params>
          <reporter-output>
          </reporter-output>
        </test-method> <!-- runScenario -->
        <test-method signature="runScenario(io.cucumber.testng.PickleWrapper,io.cucumber.testng.FeatureWrapper)[pri:0, instance:TestRunner.TestNgRunner@e1de817]" started-at="2023-07-13T14:35:26 IST" name="runScenario" description="Runs Cucumber Scenarios" data-provider="scenarios" finished-at="2023-07-13T14:35:31 IST" duration-ms="5352" status="PASS">
          <params>
            <param index="0">
              <value>
                <![CDATA["Verifying Admin user is able to upload HP Senior League Videos or not"]]>
              </value>
            </param>
            <param index="1">
              <value>
                <![CDATA["Verifying user able to Upload The HPCL post and HP News link"]]>
              </value>
            </param>
          </params>
          <reporter-output>
          </reporter-output>
        </test-method> <!-- runScenario -->
        <test-method is-config="true" signature="tearDownClass()[pri:0, instance:TestRunner.TestNgRunner@e1de817]" started-at="2023-07-13T14:35:31 IST" name="tearDownClass" finished-at="2023-07-13T14:35:32 IST" duration-ms="1497" status="PASS">
          <reporter-output>
          </reporter-output>
        </test-method> <!-- tearDownClass -->
      </class> <!-- TestRunner.TestNgRunner -->
    </test> <!-- ChromeBrowserTest -->
  </suite> <!-- My_Suite -->
</testng-results>
